<testsuite failures="0" name="src/test/java/features/postjsonfile.feature" skipped="0" tests="1" time="0.975985">
  <testcase classname="src.test.java.features.postjsonfile" name="create user with giving data" time="0.975985">
    <system-out>* url 'https://gorest.co.in' .............................................. passed
* def random_string = ..................................................... passed
* def randomString = random_string(10) .................................... passed
* print randonString ...................................................... passed
* def requestPayload = read('classpath:src/test/resources/payload/user.json') . passed
* set requestPayload.email = randomString + "@gmail.com" .................. passed
* print requestPayload .................................................... passed
Given path '/public/v1/users' ............................................. passed
And request requestPayload ................................................ passed
And header Authorization = 'Bearer ' + tokenID ............................ passed
When method post .......................................................... passed
Then status 201 ........................................................... passed
And match $.data.id == '#present' ......................................... passed
And match $.data.name == 'Sana' ........................................... passed
And match $.data.email == requestPayload.email ............................ passed
* print response .......................................................... passed</system-out>
  </testcase>
</testsuite>
