<testsuite failures="0" name="src/test/java/features/putapicall2.feature" skipped="0" tests="1" time="0.989954">
  <testcase classname="src.test.java.features.putapicall2" name="create user with giving data" time="0.989954">
    <system-out>* url 'https://gorest.co.in' .............................................. passed
* def tequestPayload = .................................................... passed
Given path '/public/v1/users/107' ......................................... passed
And request tequestPayload ................................................ passed
And header Authorization = 'Bearer ' + tokenID ............................ passed
When method put ........................................................... passed
Then status 200 ........................................................... passed
And match $.data.id == '#present' ......................................... passed
And match $.data.name == 'Hamaasa' ........................................ passed
And match $.data.email == 'hamaasa124@gmail.com' .......................... passed
* print response .......................................................... passed</system-out>
  </testcase>
</testsuite>
