<testsuite failures="1" name="src/test/java/features/authtoken.feature" skipped="0" tests="1" time="0.893123">
  <testcase classname="src.test.java.features.authtoken" name="token" time="0.893123">
    <failure message="authtoken.feature:8 - status code was: 404, expected: 200, response time: 515, url: https://gorest.co.in/public/v1/users/30, response: {&quot;data&quot;:{&quot;message&quot;:&quot;Resource not found&quot;},&quot;meta&quot;:null}">* print tokenID ........................................................... passed
Given header Authorization = 'Bearer '+ tokenID ........................... passed
Given url baseUrl+'/public/v1/users' ...................................... passed
And path '30' ............................................................. passed
When method get ........................................................... passed
Then status 200 ........................................................... failed

Stack Trace:
com.intuit.karate.exception.KarateException: authtoken.feature:8 - status code was: 404, expected: 200, response time: 515, url: https://gorest.co.in/public/v1/users/30, response: {"data":{"message":"Resource not found"},"meta":null}&#13;
	at ✽.Then status 200 (authtoken.feature:8)&#13;

* print response .......................................................... skipped</failure>
  </testcase>
</testsuite>
