<testsuite failures="0" name="src/test/java/features/deleteapi.feature" skipped="0" tests="1" time="1.739383">
  <testcase classname="src.test.java.features.deleteapi" name="delet user with giving user id" time="1.739383">
    <system-out>* url 'https://gorest.co.in' .............................................. passed
* def random_string = ..................................................... passed
* def randomString = random_string(10) .................................... passed
* print randonString ...................................................... passed
* def requestPayload = .................................................... passed
* set requestPayload.email = randomString + "@gmail.com" .................. passed
* print requestPayload .................................................... passed
Given path '/public/v1/users' ............................................. passed
And request requestPayload ................................................ passed
And header Authorization = 'Bearer ' + tokenID ............................ passed
When method post .......................................................... passed
Then status 201 ........................................................... passed
And match $.data.id == '#present' ......................................... passed
* def userId = $.data.id .................................................. passed
* print userId ............................................................ passed
Given path '/public/v1/users/' + userId ................................... passed
And header Authorization = 'Bearer ' + tokenID ............................ passed
When method delete ........................................................ passed
Then status 204 ........................................................... passed
Given url 'https://gorest.co.in/public/v1/users/' + userId ................ passed
When method get ........................................................... passed
Then status 404 ........................................................... passed
And match $.data.message == 'Resource not found' .......................... passed</system-out>
  </testcase>
</testsuite>
